Arguments: 
  /usr/bin/node /usr/share/yarn/bin/yarn.js init

PATH: 
  /home/sultan/.local/bin:/usr/local/sbin:/usr/local/bin:/usr/sbin:/usr/bin:/sbin:/bin:/usr/games:/usr/local/games:/snap/bin

Yarn version: 
  1.22.5

Node version: 
  10.19.0

Platform: 
  linux x64

Trace: 
  Error: canceled
      at Interface.<anonymous> (/usr/share/yarn/lib/cli.js:137009:13)
      at Interface.emit (events.js:198:13)
      at Interface._ttyWrite (readline.js:801:16)
      at ReadStream.onkeypress (readline.js:184:10)
      at ReadStream.emit (events.js:198:13)
      at emitKeys (internal/readline.js:424:14)
      at emitKeys.next (<anonymous>)
      at ReadStream.onData (readline.js:1073:36)
      at ReadStream.emit (events.js:198:13)
      at addChunk (_stream_readable.js:288:12)

npm manifest: 
  {
    "name": "server",
    "version": "1.0.0",
    "main": "index.js",
    "license": "MIT",
    "scripts": {
      "start": "node index.js",
      "dev": "nodemon",
      "seed": "node fixtures/fixtures.js"
    },
    "dependencies": {
      "axios": "^0.21.0",
      "bcrypt": "^5.0.0",
      "cors": "^2.8.5",
      "express": "^4.17.1",
      "google-auth-library": "^6.1.3",
      "k-mongoose-soft-delete-cascade": "^1.0.2",
      "mongoose": "^5.10.11",
      "mongoose-id-validator": "^0.6.0",
      "multer": "^1.4.2",
      "nanoid": "^3.1.16"
    },
    "devDependencies": {
      "nodemon": "^2.0.6"
    }
  }

yarn manifest: 
  No manifest

Lockfile: 
  No lockfile
